Arguments: 
  C:\Program Files\nodejs\node.exe C:\Program Files (x86)\Yarn\bin\yarn.js

PATH: 
  C:\Program Files (x86)\Intel\iCLS Client\;C:\Program Files\Intel\iCLS Client\;C:\Program Files\Dell\DW WLAN Card;C:\ProgramData\Oracle\Java\javapath;C:\WINDOWS\system32;C:\WINDOWS;C:\WINDOWS\System32\Wbem;C:\WINDOWS\System32\WindowsPowerShell\v1.0\;C:\Program Files\WIDCOMM\Bluetooth Software\;C:\Program Files\WIDCOMM\Bluetooth Software\syswow64;C:\Program Files (x86)\Windows Kits\8.1\Windows Performance Toolkit\;C:\Program Files\Microsoft SQL Server\110\Tools\Binn\;C:\Program Files\Java\jdk1.7.0_79\bin\;C:\Program Files (x86)\Calibre2\;C:\Python34\Scripts\;C:\Python34\;C:\Program Files (x86)\Heroku\bin;C:\Program Files (x86)\git\cmd;node_modules\npm\bin\;C:\Program Files\MongoDB\Server\3.2\bin\;C:\Users\Albert\AppData\Local\Android\sdk\platform-tools;C:\xampp\php;C:\ProgramData\ComposerSetup\bin;C:\Program Files (x86)\PuTTY\;C:\ProgramData\chocolatey\bin;C:\tools\python2;C:\Users\Albert\AppData\Roaming\nvm;C:\Program Files\nodejs;C:\Program Files (x86)\Intel\Intel(R) Management Engine Components\DAL;C:\Program Files\Intel\Intel(R) Management Engine Components\DAL;C:\Program Files (x86)\Intel\Intel(R) Management Engine Components\IPT;C:\Program Files\Intel\Intel(R) Management Engine Components\IPT;C:\Program Files (x86)\QuickTime\QTSystem\;C:\Program Files (x86)\Yarn\bin\;C:\Program Files\Amazon\AWSCLI\;C:\WINDOWS\System32\OpenSSH\;C:\Program Files (x86)\Microsoft VS Code\bin;C:\Users\Albert\AppData\Local\Programs\Git\cmd;C:\Users\Albert\AppData\Local\Programs\Git\mingw64\bin;C:\Users\Albert\AppData\Local\Programs\Git\usr\bin;C:\Program Files\heroku\bin;C:\Users\Albert\AppData\Local\Programs\Python\Python36\;C:\Ruby25-x64\bin;C:\Ruby23\bin;C:\Ruby23-x64\bin;C:\RailsInstaller\Git\cmd;C:\RailsInstaller\Ruby2.1.0\bin;C:\Ruby22-x64\bin;C:\Program Files (x86)\Microsoft VS Code\bin;C:\Users\Albert\AppData\Local\Programs\Git\cmd;C:\Program Files\PostgreSQL\9.5\bin;C:\Program Files\PostgreSQL\9.5\lib;C:\Users\Albert\AppData\Local\Microsoft\WindowsApps;C:\MongoDB\bin;C:\Program Files\ipfs\go-ipfs;C:\Users\Albert\AppData\Roaming\nvm;C:\Users\Albert\AppData\Local\atom\bin;C:\Users\Albert\AppData\Local\Microsoft\WindowsApps;"C:\Users\Albert\AppData\Roaming\Python\Scripts;";"C:\Users\Albert\AppData\Local\Programs\Python\Python36\Scripts;";C:\Users\Albert\AppData\Local\Yarn\bin;C:\Users\Albert\AppData\roaming\Python\Python36\scripts;C:\Users\Albert\AppData\Roaming\npm;C:\Users\Albert\AppData\Roaming\nvm;C:\Program Files\nodejs;C:\Program Files\PostgreSQL\10\bin;;C:\Program Files\Docker Toolbox;C:\Users\Albert\AppData\Local\now-cli

Yarn version: 
  1.5.1

Node version: 
  10.0.0

Platform: 
  win32 x64

npm manifest: 
  {
    "name": "sick-fits-frontend",
    "version": "1.0.0",
    "description": "Sick Fits! An example React, GraphQL, Next and Apollo",
    "main": "index.js",
    "scripts": {
      "dev": "next -p 7777",
      "build": "next build",
      "start": "next start",
      "test": "NODE_ENV=test jest --watch",
      "test-win": "SET NODE_ENV=test&& jest --watch",
      "heroku-postbuild": "next build"
    },
    "author": "",
    "license": "ISC",
    "dependencies": {
      "apollo-boost": "^0.1.16",
      "apollo-client": "^2.4.2",
      "babel-core": "^7.0.0-bridge.0",
      "babel-plugin-styled-components": "^1.7.1",
      "date-fns": "^2.0.0-alpha.7",
      "downshift": "^2.2.3",
      "enzyme": "^3.6.0",
      "enzyme-adapter-react-16": "^1.5.0",
      "graphql": "^14.0.2",
      "graphql-tag": "^2.9.2",
      "lodash.debounce": "^4.0.8",
      "next": "^7.0.0",
      "next-with-apollo": "^3.1.3",
      "nprogress": "^0.2.0",
      "prop-types": "^15.6.2",
      "react": "^16.5.2",
      "react-adopt": "^0.6.0",
      "react-apollo": "^2.2.1",
      "react-dom": "^16.5.2",
      "react-stripe-checkout": "^2.6.3",
      "react-transition-group": "^2.5.0",
      "styled-components": "^3.4.9",
      "waait": "^1.0.2"
    },
    "devDependencies": {
      "babel-jest": "^23.6.0",
      "babel-plugin-module-resolver": "^3.1.1",
      "casual": "^1.5.19",
      "enzyme-to-json": "^3.3.4",
      "graphql-tools": "^4.0.0",
      "jest": "^23.6.0",
      "jest-transform-graphql": "^2.1.0"
    },
    "jest": {
      "setupTestFrameworkScriptFile": "<rootDir>/jest.setup.js",
      "testPathIgnorePatterns": [
        "<rootDir>/.next/",
        "<rootDir>/node_modules/"
      ],
      "transform": {
        "\\.(gql|graphql)$": "jest-transform-graphql",
        ".*": "babel-jest",
        "^.+\\.js?$": "babel-jest"
      }
    },
    "//": "This is our babel config, I prefer this over a .babelrc file",
    "babel": {
      "env": {
        "development": {
          "presets": [
            "next/babel"
          ],
          "plugins": [
            [
              "styled-components",
              {
                "ssr": true,
                "displayName": true
              }
            ]
          ]
        },
        "production": {
          "presets": [
            "next/babel"
          ],
          "plugins": [
            [
              "styled-components",
              {
                "ssr": true,
                "displayName": true
              }
            ]
          ]
        },
        "test": {
          "presets": [
            [
              "next/babel",
              {
                "preset-env": {
                  "modules": "commonjs"
                }
              }
            ]
          ],
          "plugins": [
            [
              "styled-components",
              {
                "ssr": true,
                "displayName": true
              }
            ]
          ]
        }
      }
    }
  }

yarn manifest: 
  No manifest

Lockfile: 
  No lockfile

Trace: 
  Error: EPERM: operation not permitted, unlink 'C:\Users\Albert\AppData\Local\Yarn\Cache\v1\npm-caniuse-lite-1.0.30000932-d01763e9ce77810962ca7391ff827b5949ce4272\.yarn-tarball.tgz'
